<?xml version="1.0" encoding="UTF-8"?>
<testng-results ignored="0" total="1" passed="1" failed="0" skipped="0">
  <reporter-output>
  </reporter-output>
  <suite started-at="2024-01-03T22:06:23 IST" name="Default suite" finished-at="2024-01-03T22:06:48 IST" duration-ms="25059">
    <groups>
    </groups>
    <test started-at="2024-01-03T22:06:23 IST" name="Default test" finished-at="2024-01-03T22:06:48 IST" duration-ms="25059">
      <class name="com.Testcases.Allcustomerstest">
        <test-method is-config="true" signature="initialisation()[pri:0, instance:com.Testcases.Allcustomerstest@1ffaf86]" started-at="2024-01-03T22:06:23 IST" name="initialisation" finished-at="2024-01-03T22:06:33 IST" duration-ms="9807" status="PASS">
          <reporter-output>
          </reporter-output>
        </test-method> <!-- initialisation -->
        <test-method signature="addcustomer()[pri:0, instance:com.Testcases.Allcustomerstest@1ffaf86]" started-at="2024-01-03T22:06:33 IST" name="addcustomer" finished-at="2024-01-03T22:06:46 IST" duration-ms="12621" status="PASS">
          <reporter-output>
          </reporter-output>
        </test-method> <!-- addcustomer -->
        <test-method is-config="true" signature="closee()[pri:0, instance:com.Testcases.Allcustomerstest@1ffaf86]" started-at="2024-01-03T22:06:46 IST" name="closee" finished-at="2024-01-03T22:06:48 IST" duration-ms="2545" status="PASS">
          <reporter-output>
          </reporter-output>
        </test-method> <!-- closee -->
      </class> <!-- com.Testcases.Allcustomerstest -->
    </test> <!-- Default test -->
  </suite> <!-- Default suite -->
</testng-results>
